<?xml version="1.0" encoding="UTF-8"?>
<robot generator="Robot 6.0.2 (Python 3.8.2 on win32)" generated="20230505 11:08:04.670" rpa="false" schemaversion="3">
<suite id="s1" name="Bdd" source="C:\Users\duduz\Desktop\robot-framework\aula04\bdd.robot">
<test id="s1-t1" name="Cenário 1: Executar video no site do youtube" line="34">
<kw name="Dado que eu acesso o site do youtube">
<kw name="Open Browser" library="SeleniumLibrary">
<arg>${URL}</arg>
<arg>${Browser}</arg>
<doc>Opens a new browser instance to the optional ``url``.</doc>
<msg timestamp="20230505 11:08:05.102" level="INFO">Opening browser 'chrome' to base url 'https://www.youtube.com/'.</msg>
<status status="PASS" starttime="20230505 11:08:05.100" endtime="20230505 11:08:16.467"/>
</kw>
<status status="PASS" starttime="20230505 11:08:05.099" endtime="20230505 11:08:16.467"/>
</kw>
<kw name="Quando digito o nome da música">
<kw name="Input Text" library="SeleniumLibrary">
<arg>${input_pesquisa}</arg>
<arg>${nomeDaMusica}</arg>
<doc>Types the given ``text`` into the text field identified by ``locator``.</doc>
<msg timestamp="20230505 11:08:16.478" level="INFO">Typing text 'Ariana Grande Positions' into text field '//input[@id="search"]'.</msg>
<status status="PASS" starttime="20230505 11:08:16.476" endtime="20230505 11:08:16.872"/>
</kw>
<status status="PASS" starttime="20230505 11:08:16.475" endtime="20230505 11:08:16.872"/>
</kw>
<kw name="E clico no botão buscar">
<kw name="Click Button" library="SeleniumLibrary">
<arg>${button_pesquisa}</arg>
<doc>Clicks the button identified by ``locator``.</doc>
<msg timestamp="20230505 11:08:16.880" level="INFO">Clicking button '//button[@id="search-icon-legacy"]'.</msg>
<status status="PASS" starttime="20230505 11:08:16.878" endtime="20230505 11:08:17.558"/>
</kw>
<status status="PASS" starttime="20230505 11:08:16.877" endtime="20230505 11:08:17.559"/>
</kw>
<kw name="E clico na primeira opção da lista">
<kw name="Wait Until Element Is Visible" library="SeleniumLibrary">
<arg>${link_primeiro_video}</arg>
<arg>5</arg>
<doc>Waits until the element ``locator`` is visible.</doc>
<status status="PASS" starttime="20230505 11:08:17.565" endtime="20230505 11:08:18.835"/>
</kw>
<kw name="Click Element" library="SeleniumLibrary">
<arg>${link_primeiro_video}</arg>
<doc>Click the element identified by ``locator``.</doc>
<msg timestamp="20230505 11:08:18.837" level="INFO">Clicking element '(//yt-formatted-string[@class="style-scope ytd-video-renderer"])[1]'.</msg>
<status status="PASS" starttime="20230505 11:08:18.836" endtime="20230505 11:08:19.572"/>
</kw>
<status status="PASS" starttime="20230505 11:08:17.564" endtime="20230505 11:08:19.572"/>
</kw>
<kw name="Então o vídeo é executado">
<kw name="Wait Until Element Is Visible" library="SeleniumLibrary">
<arg>${prova}</arg>
<arg>10</arg>
<doc>Waits until the element ``locator`` is visible.</doc>
<status status="PASS" starttime="20230505 11:08:19.575" endtime="20230505 11:08:21.563"/>
</kw>
<kw name="Element Should Be Visible" library="SeleniumLibrary">
<arg>${prova}</arg>
<doc>Verifies that the element identified by ``locator`` is visible.</doc>
<msg timestamp="20230505 11:08:21.836" level="INFO">Element '(//video[@class="video-stream html5-main-video"])[1]' is displayed.</msg>
<status status="PASS" starttime="20230505 11:08:21.564" endtime="20230505 11:08:21.836"/>
</kw>
<kw name="Sleep" library="BuiltIn">
<arg>1s</arg>
<doc>Pauses the test executed for the given time.</doc>
<msg timestamp="20230505 11:08:22.839" level="INFO">Slept 1 second</msg>
<status status="PASS" starttime="20230505 11:08:21.837" endtime="20230505 11:08:22.839"/>
</kw>
<kw name="Close Browser" library="SeleniumLibrary">
<doc>Closes the current browser.</doc>
<status status="PASS" starttime="20230505 11:08:22.839" endtime="20230505 11:08:25.137"/>
</kw>
<status status="PASS" starttime="20230505 11:08:19.575" endtime="20230505 11:08:25.137"/>
</kw>
<status status="PASS" starttime="20230505 11:08:05.097" endtime="20230505 11:08:25.138"/>
</test>
<status status="PASS" starttime="20230505 11:08:04.674" endtime="20230505 11:08:25.140"/>
</suite>
<statistics>
<total>
<stat pass="1" fail="0" skip="0">All Tests</stat>
</total>
<tag>
</tag>
<suite>
<stat pass="1" fail="0" skip="0" id="s1" name="Bdd">Bdd</stat>
</suite>
</statistics>
<errors>
</errors>
</robot>
