<?xml version="1.0" encoding="UTF-8"?>
<robot generator="Robot 6.0.2 (Python 3.8.2 on win32)" generated="20230808 22:53:09.725" rpa="false" schemaversion="3">
<suite id="s1" name="Api Testing Usuarios" source="c:\Users\duduz\Documents\github\Eduardo\robot-framework\robot-framework\aula06\apitesting\apitesting\tests\api_testing_usuarios.robot">
<test id="s1-t1" name="Cenário 01: Cadastrar um novo usuário com sucesso na ServeRest" line="6">
<kw name="Criar um usuário novo" library="api_testing_usuarios">
<kw name="Generate Random String" library="String">
<var>${palavra_aleatoria}</var>
<arg>length=4</arg>
<arg>chars=[LETTERS]</arg>
<doc>Generates a string with a desired ``length`` from the given ``chars``.</doc>
<msg timestamp="20230808 22:53:10.180" level="INFO">${palavra_aleatoria} = OSlb</msg>
<status status="PASS" starttime="20230808 22:53:10.179" endtime="20230808 22:53:10.184"/>
</kw>
<kw name="Convert To Lower Case" library="String">
<var>${palavra_aleatoria}</var>
<arg>${palavra_aleatoria}</arg>
<doc>Converts string to lower case.</doc>
<msg timestamp="20230808 22:53:10.186" level="INFO">${palavra_aleatoria} = oslb</msg>
<status status="PASS" starttime="20230808 22:53:10.185" endtime="20230808 22:53:10.187"/>
</kw>
<kw name="Set Test Variable" library="BuiltIn">
<arg>${EMAIL_TESTE}</arg>
<arg>${palavra_aleatoria}@emailteste.com</arg>
<doc>Makes a variable available everywhere within the scope of the current test.</doc>
<msg timestamp="20230808 22:53:10.199" level="INFO">${EMAIL_TESTE} = oslb@emailteste.com</msg>
<status status="PASS" starttime="20230808 22:53:10.187" endtime="20230808 22:53:10.201"/>
</kw>
<kw name="Log" library="BuiltIn">
<arg>${EMAIL_TESTE}</arg>
<doc>Logs the given message with the given level.</doc>
<msg timestamp="20230808 22:53:10.203" level="INFO">oslb@emailteste.com</msg>
<status status="PASS" starttime="20230808 22:53:10.201" endtime="20230808 22:53:10.203"/>
</kw>
<status status="PASS" starttime="20230808 22:53:10.178" endtime="20230808 22:53:10.204"/>
</kw>
<status status="PASS" starttime="20230808 22:53:10.176" endtime="20230808 22:53:10.217"/>
</test>
<status status="PASS" starttime="20230808 22:53:09.743" endtime="20230808 22:53:10.220"/>
</suite>
<statistics>
<total>
<stat pass="1" fail="0" skip="0">All Tests</stat>
</total>
<tag>
</tag>
<suite>
<stat pass="1" fail="0" skip="0" id="s1" name="Api Testing Usuarios">Api Testing Usuarios</stat>
</suite>
</statistics>
<errors>
</errors>
</robot>
