<?xml version="1.0" encoding="UTF-8"?>
<robot generator="Robot 6.0.2 (Python 3.8.2 on win32)" generated="20230504 11:36:17.981" rpa="false" schemaversion="3">
<suite id="s1" name="Form" source="C:\Users\duduz\Desktop\robot-framework\aula03\form.robot">
<test id="s1-t1" name="Cenário 1: Preencher formulário" line="49">
<kw name="abrir navegador e acessar o site">
<kw name="Open Browser" library="SeleniumLibrary">
<arg>https://itera-qa.azurewebsites.net/home/automation</arg>
<arg>chrome</arg>
<doc>Opens a new browser instance to the optional ``url``.</doc>
<msg timestamp="20230504 11:36:18.537" level="INFO">Opening browser 'chrome' to base url 'https://itera-qa.azurewebsites.net/home/automation'.</msg>
<status status="PASS" starttime="20230504 11:36:18.536" endtime="20230504 11:36:22.899"/>
</kw>
<status status="PASS" starttime="20230504 11:36:18.536" endtime="20230504 11:36:22.899"/>
</kw>
<kw name="preencher campos">
<kw name="Input Text" library="SeleniumLibrary">
<arg>${input_name}</arg>
<arg>Eduardo</arg>
<doc>Types the given ``text`` into the text field identified by ``locator``.</doc>
<msg timestamp="20230504 11:36:22.902" level="INFO">Typing text 'Eduardo' into text field '//input[@id="name"]'.</msg>
<status status="PASS" starttime="20230504 11:36:22.901" endtime="20230504 11:36:23.043"/>
</kw>
<kw name="Sleep" library="BuiltIn">
<arg>1s</arg>
<doc>Pauses the test executed for the given time.</doc>
<msg timestamp="20230504 11:36:24.055" level="INFO">Slept 1 second</msg>
<status status="PASS" starttime="20230504 11:36:23.043" endtime="20230504 11:36:24.055"/>
</kw>
<kw name="Input Text" library="SeleniumLibrary">
<arg>${input_phone}</arg>
<arg>983129202</arg>
<doc>Types the given ``text`` into the text field identified by ``locator``.</doc>
<msg timestamp="20230504 11:36:24.057" level="INFO">Typing text '983129202' into text field '//input[@id="phone"]'.</msg>
<status status="PASS" starttime="20230504 11:36:24.055" endtime="20230504 11:36:24.212"/>
</kw>
<kw name="Sleep" library="BuiltIn">
<arg>1s</arg>
<doc>Pauses the test executed for the given time.</doc>
<msg timestamp="20230504 11:36:25.214" level="INFO">Slept 1 second</msg>
<status status="PASS" starttime="20230504 11:36:24.212" endtime="20230504 11:36:25.214"/>
</kw>
<kw name="Input Text" library="SeleniumLibrary">
<arg>${input_email}</arg>
<arg>eduardofilipe538@gmail.com</arg>
<doc>Types the given ``text`` into the text field identified by ``locator``.</doc>
<msg timestamp="20230504 11:36:25.216" level="INFO">Typing text 'eduardofilipe538@gmail.com' into text field '//input[@id="email"]'.</msg>
<status status="PASS" starttime="20230504 11:36:25.215" endtime="20230504 11:36:25.396"/>
</kw>
<kw name="Sleep" library="BuiltIn">
<arg>1s</arg>
<doc>Pauses the test executed for the given time.</doc>
<msg timestamp="20230504 11:36:26.408" level="INFO">Slept 1 second</msg>
<status status="PASS" starttime="20230504 11:36:25.397" endtime="20230504 11:36:26.408"/>
</kw>
<kw name="Input Text" library="SeleniumLibrary">
<arg>${input_password}</arg>
<arg>123456</arg>
<doc>Types the given ``text`` into the text field identified by ``locator``.</doc>
<msg timestamp="20230504 11:36:26.409" level="INFO">Typing text '123456' into text field '//input[@id="password"]'.</msg>
<status status="PASS" starttime="20230504 11:36:26.408" endtime="20230504 11:36:26.541"/>
</kw>
<kw name="Sleep" library="BuiltIn">
<arg>1s</arg>
<doc>Pauses the test executed for the given time.</doc>
<msg timestamp="20230504 11:36:27.554" level="INFO">Slept 1 second</msg>
<status status="PASS" starttime="20230504 11:36:26.541" endtime="20230504 11:36:27.554"/>
</kw>
<kw name="Input Text" library="SeleniumLibrary">
<arg>${textarea_address}</arg>
<arg>xxxxxxxxxxxxxxxxxxxxxxxxxxxxxx</arg>
<doc>Types the given ``text`` into the text field identified by ``locator``.</doc>
<msg timestamp="20230504 11:36:27.555" level="INFO">Typing text 'xxxxxxxxxxxxxxxxxxxxxxxxxxxxxx' into text field '//textarea[@id="address"]'.</msg>
<status status="PASS" starttime="20230504 11:36:27.554" endtime="20230504 11:36:27.738"/>
</kw>
<status status="PASS" starttime="20230504 11:36:22.900" endtime="20230504 11:36:27.739"/>
</kw>
<kw name="clicar em submit">
<kw name="Click Element" library="SeleniumLibrary">
<arg>${buttton_submit}</arg>
<doc>Click the element identified by ``locator``.</doc>
<msg timestamp="20230504 11:36:27.743" level="INFO">Clicking element '//button[@name="submit"]'.</msg>
<status status="PASS" starttime="20230504 11:36:27.741" endtime="20230504 11:36:27.832"/>
</kw>
<status status="PASS" starttime="20230504 11:36:27.740" endtime="20230504 11:36:27.832"/>
</kw>
<kw name="fechar navegador">
<kw name="Close Browser" library="SeleniumLibrary">
<doc>Closes the current browser.</doc>
<status status="PASS" starttime="20230504 11:36:27.834" endtime="20230504 11:36:30.226"/>
</kw>
<status status="PASS" starttime="20230504 11:36:27.833" endtime="20230504 11:36:30.226"/>
</kw>
<status status="PASS" starttime="20230504 11:36:18.535" endtime="20230504 11:36:30.227"/>
</test>
<status status="PASS" starttime="20230504 11:36:17.985" endtime="20230504 11:36:30.229"/>
</suite>
<statistics>
<total>
<stat pass="1" fail="0" skip="0">All Tests</stat>
</total>
<tag>
</tag>
<suite>
<stat pass="1" fail="0" skip="0" id="s1" name="Form">Form</stat>
</suite>
</statistics>
<errors>
</errors>
</robot>
