<?xml version="1.0" encoding="UTF-8"?>
<robot generator="Robot 6.0.2 (Python 3.8.2 on win32)" generated="20230505 11:15:58.568" rpa="false" schemaversion="3">
<suite id="s1" name="Estrutura" source="C:\Users\duduz\Desktop\robot-framework\aula02\estrutura.robot">
<test id="s1-t1" name="Cenário 2: Teste de abrir o site globo" line="24">
<kw name="abrir site da globo">
<kw name="Open Browser" library="SeleniumLibrary">
<arg>https://www.globo.com/</arg>
<arg>chrome</arg>
<doc>Opens a new browser instance to the optional ``url``.</doc>
<msg timestamp="20230505 11:15:58.910" level="INFO">Opening browser 'chrome' to base url 'https://www.globo.com/'.</msg>
<status status="PASS" starttime="20230505 11:15:58.909" endtime="20230505 11:16:05.376"/>
</kw>
<status status="PASS" starttime="20230505 11:15:58.908" endtime="20230505 11:16:05.376"/>
</kw>
<kw name="fechar navegador">
<kw name="Close Browser" library="SeleniumLibrary">
<doc>Closes the current browser.</doc>
<status status="PASS" starttime="20230505 11:16:05.377" endtime="20230505 11:16:07.798"/>
</kw>
<status status="PASS" starttime="20230505 11:16:05.377" endtime="20230505 11:16:07.798"/>
</kw>
<status status="PASS" starttime="20230505 11:15:58.907" endtime="20230505 11:16:07.799"/>
</test>
<status status="PASS" starttime="20230505 11:15:58.572" endtime="20230505 11:16:07.801"/>
</suite>
<statistics>
<total>
<stat pass="1" fail="0" skip="0">All Tests</stat>
</total>
<tag>
</tag>
<suite>
<stat pass="1" fail="0" skip="0" id="s1" name="Estrutura">Estrutura</stat>
</suite>
</statistics>
<errors>
</errors>
</robot>
