<?xml version="1.0" encoding="UTF-8"?>
<robot generator="Robot 6.0.2 (Python 3.8.2 on win32)" generated="20230503 11:29:54.643" rpa="false" schemaversion="3">
<suite id="s1" name="Estrutura" source="C:\Users\duduz\Desktop\robot-framework\aula02\estrutura.robot">
<test id="s1-t1" name="Cenário 1: Teste de abrir site google" line="20">
<kw name="abrir site do google">
<kw name="Open Browser" library="SeleniumLibrary">
<arg>https://www.google.com/</arg>
<arg>chrome</arg>
<doc>Opens a new browser instance to the optional ``url``.</doc>
<msg timestamp="20230503 11:29:54.987" level="INFO">Opening browser 'chrome' to base url 'https://www.google.com/'.</msg>
<status status="PASS" starttime="20230503 11:29:54.986" endtime="20230503 11:29:57.802"/>
</kw>
<status status="PASS" starttime="20230503 11:29:54.986" endtime="20230503 11:29:57.802"/>
</kw>
<kw name="fechar navegador">
<kw name="Close Browser" library="SeleniumLibrary">
<doc>Closes the current browser.</doc>
<status status="PASS" starttime="20230503 11:29:57.805" endtime="20230503 11:30:00.162"/>
</kw>
<status status="PASS" starttime="20230503 11:29:57.804" endtime="20230503 11:30:00.162"/>
</kw>
<status status="PASS" starttime="20230503 11:29:54.983" endtime="20230503 11:30:00.163"/>
</test>
<test id="s1-t2" name="Cenário 2: Teste de abrir o site globo" line="24">
<kw name="abrir site da globo">
<kw name="Open Browser" library="SeleniumLibrary">
<arg>https://www.globo.com/</arg>
<arg>chrome</arg>
<doc>Opens a new browser instance to the optional ``url``.</doc>
<msg timestamp="20230503 11:30:00.166" level="INFO">Opening browser 'chrome' to base url 'https://www.globo.com/'.</msg>
<status status="PASS" starttime="20230503 11:30:00.165" endtime="20230503 11:30:07.049"/>
</kw>
<status status="PASS" starttime="20230503 11:30:00.165" endtime="20230503 11:30:07.050"/>
</kw>
<kw name="fechar navegador">
<kw name="Close Browser" library="SeleniumLibrary">
<doc>Closes the current browser.</doc>
<status status="PASS" starttime="20230503 11:30:07.051" endtime="20230503 11:30:09.478"/>
</kw>
<status status="PASS" starttime="20230503 11:30:07.051" endtime="20230503 11:30:09.478"/>
</kw>
<status status="PASS" starttime="20230503 11:30:00.164" endtime="20230503 11:30:09.479"/>
</test>
<status status="PASS" starttime="20230503 11:29:54.646" endtime="20230503 11:30:09.481"/>
</suite>
<statistics>
<total>
<stat pass="2" fail="0" skip="0">All Tests</stat>
</total>
<tag>
</tag>
<suite>
<stat pass="2" fail="0" skip="0" id="s1" name="Estrutura">Estrutura</stat>
</suite>
</statistics>
<errors>
</errors>
</robot>
