<?xml version="1.0" encoding="UTF-8"?>
<robot generator="Robot 6.0.2 (Python 3.8.2 on win32)" generated="20230808 10:15:00.321" rpa="false" schemaversion="3">
<suite id="s1" name="UsandoLogs" source="C:\Users\duduz\Documents\github\Eduardo\robot-framework\robot-framework\aula05\ExemplosEstruturas\UsandoLogs.robot">
<test id="s1-t1" name="Caso de teste exemplo 01" line="12">
<kw name="Usando LOG para mensagens">
<kw name="Log" library="BuiltIn">
<arg>Minha mensagem de LOG</arg>
<doc>Logs the given message with the given level.</doc>
<msg timestamp="20230808 10:15:00.818" level="INFO">Minha mensagem de LOG</msg>
<status status="PASS" starttime="20230808 10:15:00.818" endtime="20230808 10:15:00.819"/>
</kw>
<kw name="Set Variable" library="BuiltIn">
<var>${VAR}</var>
<arg>variável qualquer</arg>
<doc>Returns the given values which can then be assigned to a variables.</doc>
<msg timestamp="20230808 10:15:00.819" level="INFO">${VAR} = variável qualquer</msg>
<status status="PASS" starttime="20230808 10:15:00.819" endtime="20230808 10:15:00.819"/>
</kw>
<kw name="Log" library="BuiltIn">
<arg>Posso logar uma ${VAR} no meio de um log</arg>
<doc>Logs the given message with the given level.</doc>
<msg timestamp="20230808 10:15:00.820" level="INFO">Posso logar uma variável qualquer no meio de um log</msg>
<status status="PASS" starttime="20230808 10:15:00.819" endtime="20230808 10:15:00.820"/>
</kw>
<status status="PASS" starttime="20230808 10:15:00.817" endtime="20230808 10:15:00.820"/>
</kw>
<kw name="Usando LOG Console">
<kw name="Log To Console" library="BuiltIn">
<arg>Posso logar na saída do console</arg>
<doc>Logs the given message to the console.</doc>
<status status="PASS" starttime="20230808 10:15:00.821" endtime="20230808 10:15:00.822"/>
</kw>
<kw name="Log Many" library="BuiltIn">
<arg>Posso logar minha lista completa @{FRUTAS}</arg>
<doc>Logs the given messages as separate entries using the INFO level.</doc>
<msg timestamp="20230808 10:15:00.822" level="INFO">Posso logar minha lista completa ['maça', 'banana', 'uva', 'abacaxi']</msg>
<status status="PASS" starttime="20230808 10:15:00.822" endtime="20230808 10:15:00.822"/>
</kw>
<kw name="Log" library="BuiltIn">
<arg>Posso logar somente itens da minha lista ${FRUTAS[0]} - ${FRUTAS[1]}</arg>
<doc>Logs the given message with the given level.</doc>
<msg timestamp="20230808 10:15:00.825" level="INFO">Posso logar somente itens da minha lista maça - banana</msg>
<status status="PASS" starttime="20230808 10:15:00.822" endtime="20230808 10:15:00.825"/>
</kw>
<status status="PASS" starttime="20230808 10:15:00.821" endtime="20230808 10:15:00.825"/>
</kw>
<kw name="Usando screen shots">
<kw name="Log" library="BuiltIn">
<arg>Nos testes web, podemos logar Screenshot com a SeleniumLibrary</arg>
<doc>Logs the given message with the given level.</doc>
<msg timestamp="20230808 10:15:00.826" level="INFO">Nos testes web, podemos logar Screenshot com a SeleniumLibrary</msg>
<status status="PASS" starttime="20230808 10:15:00.826" endtime="20230808 10:15:00.826"/>
</kw>
<kw name="Open Browser" library="SeleniumLibrary">
<arg>http://www.robotizandotestes.blogspot.com.br</arg>
<arg>chrome</arg>
<doc>Opens a new browser instance to the optional ``url``.</doc>
<msg timestamp="20230808 10:15:00.828" level="INFO">Opening browser 'chrome' to base url 'http://www.robotizandotestes.blogspot.com.br'.</msg>
<msg timestamp="20230808 10:15:05.945" level="INFO">Cannot capture screenshot because no browser is open.</msg>
<msg timestamp="20230808 10:15:05.945" level="FAIL">SessionNotCreatedException: Message: session not created: This version of ChromeDriver only supports Chrome version 112
Current browser version is 115.0.5790.171 with binary path C:\Program Files (x86)\Google\Chrome\Application\chrome.exe
Stacktrace:
Backtrace:
	GetHandleVerifier [0x00A4DCE3+50899]
	(No symbol) [0x009DE111]
	(No symbol) [0x008E5588]
	(No symbol) [0x0090570C]
	(No symbol) [0x00901471]
	(No symbol) [0x008FF479]
	(No symbol) [0x00931FFE]
	(No symbol) [0x00931CEC]
	(No symbol) [0x0092B6F6]
	(No symbol) [0x00907708]
	(No symbol) [0x0090886D]
	GetHandleVerifier [0x00CB3EAE+2566302]
	GetHandleVerifier [0x00CE92B1+2784417]
	GetHandleVerifier [0x00CE327C+2759788]
	GetHandleVerifier [0x00AE5740+672048]
	(No symbol) [0x009E8872]
	(No symbol) [0x009E41C8]
	(No symbol) [0x009E42AB]
	(No symbol) [0x009D71B7]
	BaseThreadInitThunk [0x768D00C9+25]
	RtlGetAppContainerNamedObjectPath [0x77417B1E+286]
	RtlGetAppContainerNamedObjectPath [0x77417AEE+238]
</msg>
<status status="FAIL" starttime="20230808 10:15:00.826" endtime="20230808 10:15:06.055"/>
</kw>
<kw name="Capture Page Screenshot" library="SeleniumLibrary">
<arg>nome_do_meuscreenshot.png</arg>
<doc>Takes a screenshot of the current page and embeds it into a log file.</doc>
<status status="NOT RUN" starttime="20230808 10:15:06.055" endtime="20230808 10:15:06.055"/>
</kw>
<kw name="Close Browser" library="SeleniumLibrary">
<doc>Closes the current browser.</doc>
<status status="NOT RUN" starttime="20230808 10:15:06.055" endtime="20230808 10:15:06.055"/>
</kw>
<status status="FAIL" starttime="20230808 10:15:00.825" endtime="20230808 10:15:06.056"/>
</kw>
<status status="FAIL" starttime="20230808 10:15:00.816" endtime="20230808 10:15:06.056">SessionNotCreatedException: Message: session not created: This version of ChromeDriver only supports Chrome version 112
Current browser version is 115.0.5790.171 with binary path C:\Program Files (x86)\Google\Chrome\Application\chrome.exe
Stacktrace:
Backtrace:
	GetHandleVerifier [0x00A4DCE3+50899]
	(No symbol) [0x009DE111]
	(No symbol) [0x008E5588]
	(No symbol) [0x0090570C]
	(No symbol) [0x00901471]
	(No symbol) [0x008FF479]
	(No symbol) [0x00931FFE]
	(No symbol) [0x00931CEC]
	(No symbol) [0x0092B6F6]
	(No symbol) [0x00907708]
	(No symbol) [0x0090886D]
	GetHandleVerifier [0x00CB3EAE+2566302]
	GetHandleVerifier [0x00CE92B1+2784417]
	GetHandleVerifier [0x00CE327C+2759788]
	GetHandleVerifier [0x00AE5740+672048]
	(No symbol) [0x009E8872]
	(No symbol) [0x009E41C8]
	(No symbol) [0x009E42AB]
	(No symbol) [0x009D71B7]
	BaseThreadInitThunk [0x768D00C9+25]
	RtlGetAppContainerNamedObjectPath [0x77417B1E+286]
	RtlGetAppContainerNamedObjectPath [0x77417AEE+238]
</status>
</test>
<doc>Suíte de exmeplo didático para exemplificar o uso de LOGs nos testes
Os LOGs são de grande utilidade, faça LOGs para analisar como seu teste está sendo executado nas entrelinhas
Os LOGs te ajudam a achar falhas na automação dos seus testes
Use LOGs sem moderação!!</doc>
<status status="FAIL" starttime="20230808 10:15:00.325" endtime="20230808 10:15:06.063"/>
</suite>
<statistics>
<total>
<stat pass="0" fail="1" skip="0">All Tests</stat>
</total>
<tag>
</tag>
<suite>
<stat pass="0" fail="1" skip="0" id="s1" name="UsandoLogs">UsandoLogs</stat>
</suite>
</statistics>
<errors>
</errors>
</robot>
